2025-04-15T18:01:14.216+03:00  INFO 2720 --- [RestApiPanda] [main] c.t.R.RestApiPandaApplication            : Starting RestApiPandaApplication using Java 23.0.1 with PID 2720 (D:\Panda\Java\RestApiPanda\build\classes\java\main started by Maxim in D:\Panda\Java\RestApiPanda)
2025-04-15T18:01:14.218+03:00  INFO 2720 --- [RestApiPanda] [main] c.t.R.RestApiPandaApplication            : No active profile set, falling back to 1 default profile: "default"
2025-04-15T18:01:14.785+03:00  INFO 2720 --- [RestApiPanda] [main] .s.d.r.c.RepositoryConfigurationDelegate : Bootstrapping Spring Data JPA repositories in DEFAULT mode.
2025-04-15T18:01:14.831+03:00  INFO 2720 --- [RestApiPanda] [main] .s.d.r.c.RepositoryConfigurationDelegate : Finished Spring Data repository scanning in 37 ms. Found 2 JPA repository interfaces.
2025-04-15T18:01:15.256+03:00  INFO 2720 --- [RestApiPanda] [main] o.s.b.w.embedded.tomcat.TomcatWebServer  : Tomcat initialized with port 8080 (http)
2025-04-15T18:01:15.266+03:00  INFO 2720 --- [RestApiPanda] [main] o.apache.catalina.core.StandardService   : Starting service [Tomcat]
2025-04-15T18:01:15.267+03:00  INFO 2720 --- [RestApiPanda] [main] o.apache.catalina.core.StandardEngine    : Starting Servlet engine: [Apache Tomcat/10.1.34]
2025-04-15T18:01:15.304+03:00  INFO 2720 --- [RestApiPanda] [main] o.a.c.c.C.[Tomcat].[localhost].[/]       : Initializing Spring embedded WebApplicationContext
2025-04-15T18:01:15.305+03:00  INFO 2720 --- [RestApiPanda] [main] w.s.c.ServletWebServerApplicationContext : Root WebApplicationContext: initialization completed in 1038 ms
2025-04-15T18:01:15.386+03:00  INFO 2720 --- [RestApiPanda] [main] com.zaxxer.hikari.HikariDataSource       : HikariPool-1 - Starting...
2025-04-15T18:01:15.610+03:00  INFO 2720 --- [RestApiPanda] [main] com.zaxxer.hikari.pool.HikariPool        : HikariPool-1 - Added connection org.postgresql.jdbc.PgConnection@69f2cb04
2025-04-15T18:01:15.611+03:00  INFO 2720 --- [RestApiPanda] [main] com.zaxxer.hikari.HikariDataSource       : HikariPool-1 - Start completed.
2025-04-15T18:01:15.655+03:00  INFO 2720 --- [RestApiPanda] [main] o.hibernate.jpa.internal.util.LogHelper  : HHH000204: Processing PersistenceUnitInfo [name: default]
2025-04-15T18:01:15.696+03:00  INFO 2720 --- [RestApiPanda] [main] org.hibernate.Version                    : HHH000412: Hibernate ORM core version 6.6.5.Final
2025-04-15T18:01:15.721+03:00  INFO 2720 --- [RestApiPanda] [main] o.h.c.internal.RegionFactoryInitiator    : HHH000026: Second-level cache disabled
2025-04-15T18:01:15.948+03:00  INFO 2720 --- [RestApiPanda] [main] o.s.o.j.p.SpringPersistenceUnitInfo      : No LoadTimeWeaver setup: ignoring JPA class transformer
2025-04-15T18:01:16.013+03:00  INFO 2720 --- [RestApiPanda] [main] org.hibernate.orm.connections.pooling    : HHH10001005: Database info:
	Database JDBC URL [Connecting through datasource 'HikariDataSource (HikariPool-1)']
	Database driver: undefined/unknown
	Database version: 17.0
	Autocommit mode: undefined/unknown
	Isolation level: undefined/unknown
	Minimum pool size: undefined/unknown
	Maximum pool size: undefined/unknown
2025-04-15T18:01:16.567+03:00  INFO 2720 --- [RestApiPanda] [main] o.h.e.t.j.p.i.JtaPlatformInitiator       : HHH000489: No JTA platform available (set 'hibernate.transaction.jta.platform' to enable JTA platform integration)
2025-04-15T18:01:16.568+03:00  INFO 2720 --- [RestApiPanda] [main] j.LocalContainerEntityManagerFactoryBean : Initialized JPA EntityManagerFactory for persistence unit 'default'
2025-04-15T18:01:16.792+03:00  INFO 2720 --- [RestApiPanda] [main] o.s.d.j.r.query.QueryEnhancerFactory     : Hibernate is in classpath; If applicable, HQL parser will be used.
2025-04-15T18:01:17.171+03:00  WARN 2720 --- [RestApiPanda] [main] JpaBaseConfiguration$JpaWebConfiguration : spring.jpa.open-in-view is enabled by default. Therefore, database queries may be performed during view rendering. Explicitly configure spring.jpa.open-in-view to disable this warning
2025-04-15T18:01:17.184+03:00  WARN 2720 --- [RestApiPanda] [main] r$InitializeUserDetailsManagerConfigurer : Global AuthenticationManager configured with an AuthenticationProvider bean. UserDetailsService beans will not be used by Spring Security for automatically configuring username/password login. Consider removing the AuthenticationProvider bean. Alternatively, consider using the UserDetailsService in a manually instantiated DaoAuthenticationProvider. If the current configuration is intentional, to turn off this warning, increase the logging level of 'org.springframework.security.config.annotation.authentication.configuration.InitializeUserDetailsBeanManagerConfigurer' to ERROR
2025-04-15T18:01:17.250+03:00  INFO 2720 --- [RestApiPanda] [main] o.s.b.a.w.s.WelcomePageHandlerMapping    : Adding welcome page template: index
2025-04-15T18:01:17.295+03:00 DEBUG 2720 --- [RestApiPanda] [main] s.w.s.m.m.a.RequestMappingHandlerMapping : 13 mappings in 'requestMappingHandlerMapping'
2025-04-15T18:01:17.358+03:00 DEBUG 2720 --- [RestApiPanda] [main] o.s.w.s.handler.SimpleUrlHandlerMapping  : Patterns [/webjars/**, /**] in 'resourceHandlerMapping'
2025-04-15T18:01:17.450+03:00 DEBUG 2720 --- [RestApiPanda] [main] s.w.s.m.m.a.RequestMappingHandlerAdapter : ControllerAdvice beans: 0 @ModelAttribute, 0 @InitBinder, 1 RequestBodyAdvice, 1 ResponseBodyAdvice
2025-04-15T18:01:17.505+03:00 DEBUG 2720 --- [RestApiPanda] [main] .m.m.a.ExceptionHandlerExceptionResolver : ControllerAdvice beans: 0 @ExceptionHandler, 1 ResponseBodyAdvice
2025-04-15T18:01:17.595+03:00  INFO 2720 --- [RestApiPanda] [main] o.s.b.w.embedded.tomcat.TomcatWebServer  : Tomcat started on port 8080 (http) with context path '/'
2025-04-15T18:01:17.601+03:00  INFO 2720 --- [RestApiPanda] [main] c.t.R.RestApiPandaApplication            : Started RestApiPandaApplication in 3.774 seconds (process running for 4.07)
2025-04-15T18:01:20.512+03:00  INFO 10040 --- [RestApiPanda] [main] c.t.R.RestApiPandaApplication            : Starting RestApiPandaApplication using Java 23.0.1 with PID 10040 (D:\Panda\Java\RestApiPanda\build\classes\java\main started by Maxim in D:\Panda\Java\RestApiPanda)
2025-04-15T18:01:20.514+03:00  INFO 10040 --- [RestApiPanda] [main] c.t.R.RestApiPandaApplication            : No active profile set, falling back to 1 default profile: "default"
2025-04-15T18:01:21.096+03:00  INFO 10040 --- [RestApiPanda] [main] .s.d.r.c.RepositoryConfigurationDelegate : Bootstrapping Spring Data JPA repositories in DEFAULT mode.
2025-04-15T18:01:21.138+03:00  INFO 10040 --- [RestApiPanda] [main] .s.d.r.c.RepositoryConfigurationDelegate : Finished Spring Data repository scanning in 34 ms. Found 2 JPA repository interfaces.
2025-04-15T18:01:21.556+03:00  INFO 10040 --- [RestApiPanda] [main] o.s.b.w.embedded.tomcat.TomcatWebServer  : Tomcat initialized with port 8080 (http)
2025-04-15T18:01:21.566+03:00  INFO 10040 --- [RestApiPanda] [main] o.apache.catalina.core.StandardService   : Starting service [Tomcat]
2025-04-15T18:01:21.567+03:00  INFO 10040 --- [RestApiPanda] [main] o.apache.catalina.core.StandardEngine    : Starting Servlet engine: [Apache Tomcat/10.1.34]
2025-04-15T18:01:21.605+03:00  INFO 10040 --- [RestApiPanda] [main] o.a.c.c.C.[Tomcat].[localhost].[/]       : Initializing Spring embedded WebApplicationContext
2025-04-15T18:01:21.605+03:00  INFO 10040 --- [RestApiPanda] [main] w.s.c.ServletWebServerApplicationContext : Root WebApplicationContext: initialization completed in 1047 ms
2025-04-15T18:01:21.691+03:00  INFO 10040 --- [RestApiPanda] [main] com.zaxxer.hikari.HikariDataSource       : HikariPool-1 - Starting...
2025-04-15T18:01:21.828+03:00  INFO 10040 --- [RestApiPanda] [main] com.zaxxer.hikari.pool.HikariPool        : HikariPool-1 - Added connection org.postgresql.jdbc.PgConnection@3dce6dd8
2025-04-15T18:01:21.830+03:00  INFO 10040 --- [RestApiPanda] [main] com.zaxxer.hikari.HikariDataSource       : HikariPool-1 - Start completed.
2025-04-15T18:01:21.875+03:00  INFO 10040 --- [RestApiPanda] [main] o.hibernate.jpa.internal.util.LogHelper  : HHH000204: Processing PersistenceUnitInfo [name: default]
2025-04-15T18:01:21.913+03:00  INFO 10040 --- [RestApiPanda] [main] org.hibernate.Version                    : HHH000412: Hibernate ORM core version 6.6.5.Final
2025-04-15T18:01:21.935+03:00  INFO 10040 --- [RestApiPanda] [main] o.h.c.internal.RegionFactoryInitiator    : HHH000026: Second-level cache disabled
2025-04-15T18:01:22.175+03:00  INFO 10040 --- [RestApiPanda] [main] o.s.o.j.p.SpringPersistenceUnitInfo      : No LoadTimeWeaver setup: ignoring JPA class transformer
2025-04-15T18:01:22.235+03:00  INFO 10040 --- [RestApiPanda] [main] org.hibernate.orm.connections.pooling    : HHH10001005: Database info:
	Database JDBC URL [Connecting through datasource 'HikariDataSource (HikariPool-1)']
	Database driver: undefined/unknown
	Database version: 17.0
	Autocommit mode: undefined/unknown
	Isolation level: undefined/unknown
	Minimum pool size: undefined/unknown
	Maximum pool size: undefined/unknown
2025-04-15T18:01:22.752+03:00  INFO 10040 --- [RestApiPanda] [main] o.h.e.t.j.p.i.JtaPlatformInitiator       : HHH000489: No JTA platform available (set 'hibernate.transaction.jta.platform' to enable JTA platform integration)
2025-04-15T18:01:22.753+03:00  INFO 10040 --- [RestApiPanda] [main] j.LocalContainerEntityManagerFactoryBean : Initialized JPA EntityManagerFactory for persistence unit 'default'
2025-04-15T18:01:22.933+03:00  INFO 10040 --- [RestApiPanda] [main] o.s.d.j.r.query.QueryEnhancerFactory     : Hibernate is in classpath; If applicable, HQL parser will be used.
2025-04-15T18:01:23.355+03:00  WARN 10040 --- [RestApiPanda] [main] JpaBaseConfiguration$JpaWebConfiguration : spring.jpa.open-in-view is enabled by default. Therefore, database queries may be performed during view rendering. Explicitly configure spring.jpa.open-in-view to disable this warning
2025-04-15T18:01:23.367+03:00  WARN 10040 --- [RestApiPanda] [main] r$InitializeUserDetailsManagerConfigurer : Global AuthenticationManager configured with an AuthenticationProvider bean. UserDetailsService beans will not be used by Spring Security for automatically configuring username/password login. Consider removing the AuthenticationProvider bean. Alternatively, consider using the UserDetailsService in a manually instantiated DaoAuthenticationProvider. If the current configuration is intentional, to turn off this warning, increase the logging level of 'org.springframework.security.config.annotation.authentication.configuration.InitializeUserDetailsBeanManagerConfigurer' to ERROR
2025-04-15T18:01:23.419+03:00  INFO 10040 --- [RestApiPanda] [main] o.s.b.a.w.s.WelcomePageHandlerMapping    : Adding welcome page template: index
2025-04-15T18:01:23.470+03:00 DEBUG 10040 --- [RestApiPanda] [main] s.w.s.m.m.a.RequestMappingHandlerMapping : 13 mappings in 'requestMappingHandlerMapping'
2025-04-15T18:01:23.533+03:00 DEBUG 10040 --- [RestApiPanda] [main] o.s.w.s.handler.SimpleUrlHandlerMapping  : Patterns [/webjars/**, /**] in 'resourceHandlerMapping'
2025-04-15T18:01:23.628+03:00 DEBUG 10040 --- [RestApiPanda] [main] s.w.s.m.m.a.RequestMappingHandlerAdapter : ControllerAdvice beans: 0 @ModelAttribute, 0 @InitBinder, 1 RequestBodyAdvice, 1 ResponseBodyAdvice
2025-04-15T18:01:23.678+03:00 DEBUG 10040 --- [RestApiPanda] [main] .m.m.a.ExceptionHandlerExceptionResolver : ControllerAdvice beans: 0 @ExceptionHandler, 1 ResponseBodyAdvice
2025-04-15T18:01:23.751+03:00  INFO 10040 --- [RestApiPanda] [main] o.s.b.w.embedded.tomcat.TomcatWebServer  : Tomcat started on port 8080 (http) with context path '/'
2025-04-15T18:01:23.758+03:00  INFO 10040 --- [RestApiPanda] [main] c.t.R.RestApiPandaApplication            : Started RestApiPandaApplication in 3.637 seconds (process running for 3.944)
2025-04-15T18:01:51.461+03:00  INFO 19164 --- [RestApiPanda] [main] c.t.R.RestApiPandaApplication            : Starting RestApiPandaApplication using Java 23.0.1 with PID 19164 (D:\Panda\Java\RestApiPanda\build\classes\java\main started by Maxim in D:\Panda\Java\RestApiPanda)
2025-04-15T18:01:51.462+03:00  INFO 19164 --- [RestApiPanda] [main] c.t.R.RestApiPandaApplication            : No active profile set, falling back to 1 default profile: "default"
2025-04-15T18:01:52.024+03:00  INFO 19164 --- [RestApiPanda] [main] .s.d.r.c.RepositoryConfigurationDelegate : Bootstrapping Spring Data JPA repositories in DEFAULT mode.
2025-04-15T18:01:52.066+03:00  INFO 19164 --- [RestApiPanda] [main] .s.d.r.c.RepositoryConfigurationDelegate : Finished Spring Data repository scanning in 35 ms. Found 2 JPA repository interfaces.
2025-04-15T18:01:52.475+03:00  INFO 19164 --- [RestApiPanda] [main] o.s.b.w.embedded.tomcat.TomcatWebServer  : Tomcat initialized with port 8080 (http)
2025-04-15T18:01:52.485+03:00  INFO 19164 --- [RestApiPanda] [main] o.apache.catalina.core.StandardService   : Starting service [Tomcat]
2025-04-15T18:01:52.486+03:00  INFO 19164 --- [RestApiPanda] [main] o.apache.catalina.core.StandardEngine    : Starting Servlet engine: [Apache Tomcat/10.1.34]
2025-04-15T18:01:52.524+03:00  INFO 19164 --- [RestApiPanda] [main] o.a.c.c.C.[Tomcat].[localhost].[/]       : Initializing Spring embedded WebApplicationContext
2025-04-15T18:01:52.524+03:00  INFO 19164 --- [RestApiPanda] [main] w.s.c.ServletWebServerApplicationContext : Root WebApplicationContext: initialization completed in 1023 ms
2025-04-15T18:01:52.606+03:00  INFO 19164 --- [RestApiPanda] [main] com.zaxxer.hikari.HikariDataSource       : HikariPool-1 - Starting...
2025-04-15T18:01:52.757+03:00  INFO 19164 --- [RestApiPanda] [main] com.zaxxer.hikari.pool.HikariPool        : HikariPool-1 - Added connection org.postgresql.jdbc.PgConnection@45292ec1
2025-04-15T18:01:52.758+03:00  INFO 19164 --- [RestApiPanda] [main] com.zaxxer.hikari.HikariDataSource       : HikariPool-1 - Start completed.
2025-04-15T18:01:52.801+03:00  INFO 19164 --- [RestApiPanda] [main] o.hibernate.jpa.internal.util.LogHelper  : HHH000204: Processing PersistenceUnitInfo [name: default]
2025-04-15T18:01:52.836+03:00  INFO 19164 --- [RestApiPanda] [main] org.hibernate.Version                    : HHH000412: Hibernate ORM core version 6.6.5.Final
2025-04-15T18:01:52.858+03:00  INFO 19164 --- [RestApiPanda] [main] o.h.c.internal.RegionFactoryInitiator    : HHH000026: Second-level cache disabled
2025-04-15T18:01:53.093+03:00  INFO 19164 --- [RestApiPanda] [main] o.s.o.j.p.SpringPersistenceUnitInfo      : No LoadTimeWeaver setup: ignoring JPA class transformer
2025-04-15T18:01:53.170+03:00  INFO 19164 --- [RestApiPanda] [main] org.hibernate.orm.connections.pooling    : HHH10001005: Database info:
	Database JDBC URL [Connecting through datasource 'HikariDataSource (HikariPool-1)']
	Database driver: undefined/unknown
	Database version: 17.0
	Autocommit mode: undefined/unknown
	Isolation level: undefined/unknown
	Minimum pool size: undefined/unknown
	Maximum pool size: undefined/unknown
2025-04-15T18:01:53.698+03:00  INFO 19164 --- [RestApiPanda] [main] o.h.e.t.j.p.i.JtaPlatformInitiator       : HHH000489: No JTA platform available (set 'hibernate.transaction.jta.platform' to enable JTA platform integration)
2025-04-15T18:01:53.700+03:00  INFO 19164 --- [RestApiPanda] [main] j.LocalContainerEntityManagerFactoryBean : Initialized JPA EntityManagerFactory for persistence unit 'default'
2025-04-15T18:01:53.915+03:00  INFO 19164 --- [RestApiPanda] [main] o.s.d.j.r.query.QueryEnhancerFactory     : Hibernate is in classpath; If applicable, HQL parser will be used.
2025-04-15T18:01:54.294+03:00  WARN 19164 --- [RestApiPanda] [main] JpaBaseConfiguration$JpaWebConfiguration : spring.jpa.open-in-view is enabled by default. Therefore, database queries may be performed during view rendering. Explicitly configure spring.jpa.open-in-view to disable this warning
2025-04-15T18:01:54.307+03:00  WARN 19164 --- [RestApiPanda] [main] r$InitializeUserDetailsManagerConfigurer : Global AuthenticationManager configured with an AuthenticationProvider bean. UserDetailsService beans will not be used by Spring Security for automatically configuring username/password login. Consider removing the AuthenticationProvider bean. Alternatively, consider using the UserDetailsService in a manually instantiated DaoAuthenticationProvider. If the current configuration is intentional, to turn off this warning, increase the logging level of 'org.springframework.security.config.annotation.authentication.configuration.InitializeUserDetailsBeanManagerConfigurer' to ERROR
2025-04-15T18:01:54.358+03:00  INFO 19164 --- [RestApiPanda] [main] o.s.b.a.w.s.WelcomePageHandlerMapping    : Adding welcome page template: index
2025-04-15T18:01:54.406+03:00 DEBUG 19164 --- [RestApiPanda] [main] s.w.s.m.m.a.RequestMappingHandlerMapping : 13 mappings in 'requestMappingHandlerMapping'
2025-04-15T18:01:54.470+03:00 DEBUG 19164 --- [RestApiPanda] [main] o.s.w.s.handler.SimpleUrlHandlerMapping  : Patterns [/webjars/**, /**] in 'resourceHandlerMapping'
2025-04-15T18:01:54.567+03:00 DEBUG 19164 --- [RestApiPanda] [main] s.w.s.m.m.a.RequestMappingHandlerAdapter : ControllerAdvice beans: 0 @ModelAttribute, 0 @InitBinder, 1 RequestBodyAdvice, 1 ResponseBodyAdvice
2025-04-15T18:01:54.620+03:00 DEBUG 19164 --- [RestApiPanda] [main] .m.m.a.ExceptionHandlerExceptionResolver : ControllerAdvice beans: 0 @ExceptionHandler, 1 ResponseBodyAdvice
2025-04-15T18:01:54.694+03:00  INFO 19164 --- [RestApiPanda] [main] o.s.b.w.embedded.tomcat.TomcatWebServer  : Tomcat started on port 8080 (http) with context path '/'
2025-04-15T18:01:54.700+03:00  INFO 19164 --- [RestApiPanda] [main] c.t.R.RestApiPandaApplication            : Started RestApiPandaApplication in 3.601 seconds (process running for 3.88)
2025-04-15T18:02:07.727+03:00  INFO 17988 --- [RestApiPanda] [main] c.t.R.RestApiPandaApplication            : Starting RestApiPandaApplication using Java 23.0.1 with PID 17988 (D:\Panda\Java\RestApiPanda\build\classes\java\main started by Maxim in D:\Panda\Java\RestApiPanda)
2025-04-15T18:02:07.728+03:00  INFO 17988 --- [RestApiPanda] [main] c.t.R.RestApiPandaApplication            : No active profile set, falling back to 1 default profile: "default"
2025-04-15T18:02:08.339+03:00  INFO 17988 --- [RestApiPanda] [main] .s.d.r.c.RepositoryConfigurationDelegate : Bootstrapping Spring Data JPA repositories in DEFAULT mode.
2025-04-15T18:02:08.388+03:00  INFO 17988 --- [RestApiPanda] [main] .s.d.r.c.RepositoryConfigurationDelegate : Finished Spring Data repository scanning in 40 ms. Found 2 JPA repository interfaces.
2025-04-15T18:02:08.835+03:00  INFO 17988 --- [RestApiPanda] [main] o.s.b.w.embedded.tomcat.TomcatWebServer  : Tomcat initialized with port 8080 (http)
2025-04-15T18:02:08.847+03:00  INFO 17988 --- [RestApiPanda] [main] o.apache.catalina.core.StandardService   : Starting service [Tomcat]
2025-04-15T18:02:08.847+03:00  INFO 17988 --- [RestApiPanda] [main] o.apache.catalina.core.StandardEngine    : Starting Servlet engine: [Apache Tomcat/10.1.34]
2025-04-15T18:02:08.888+03:00  INFO 17988 --- [RestApiPanda] [main] o.a.c.c.C.[Tomcat].[localhost].[/]       : Initializing Spring embedded WebApplicationContext
2025-04-15T18:02:08.888+03:00  INFO 17988 --- [RestApiPanda] [main] w.s.c.ServletWebServerApplicationContext : Root WebApplicationContext: initialization completed in 1113 ms
2025-04-15T18:02:08.978+03:00  INFO 17988 --- [RestApiPanda] [main] com.zaxxer.hikari.HikariDataSource       : HikariPool-1 - Starting...
2025-04-15T18:02:09.139+03:00  INFO 17988 --- [RestApiPanda] [main] com.zaxxer.hikari.pool.HikariPool        : HikariPool-1 - Added connection org.postgresql.jdbc.PgConnection@35650279
2025-04-15T18:02:09.141+03:00  INFO 17988 --- [RestApiPanda] [main] com.zaxxer.hikari.HikariDataSource       : HikariPool-1 - Start completed.
2025-04-15T18:02:09.196+03:00  INFO 17988 --- [RestApiPanda] [main] o.hibernate.jpa.internal.util.LogHelper  : HHH000204: Processing PersistenceUnitInfo [name: default]
2025-04-15T18:02:09.232+03:00  INFO 17988 --- [RestApiPanda] [main] org.hibernate.Version                    : HHH000412: Hibernate ORM core version 6.6.5.Final
2025-04-15T18:02:09.256+03:00  INFO 17988 --- [RestApiPanda] [main] o.h.c.internal.RegionFactoryInitiator    : HHH000026: Second-level cache disabled
2025-04-15T18:02:09.481+03:00  INFO 17988 --- [RestApiPanda] [main] o.s.o.j.p.SpringPersistenceUnitInfo      : No LoadTimeWeaver setup: ignoring JPA class transformer
2025-04-15T18:02:09.554+03:00  INFO 17988 --- [RestApiPanda] [main] org.hibernate.orm.connections.pooling    : HHH10001005: Database info:
	Database JDBC URL [Connecting through datasource 'HikariDataSource (HikariPool-1)']
	Database driver: undefined/unknown
	Database version: 17.0
	Autocommit mode: undefined/unknown
	Isolation level: undefined/unknown
	Minimum pool size: undefined/unknown
	Maximum pool size: undefined/unknown
2025-04-15T18:02:10.148+03:00  INFO 17988 --- [RestApiPanda] [main] o.h.e.t.j.p.i.JtaPlatformInitiator       : HHH000489: No JTA platform available (set 'hibernate.transaction.jta.platform' to enable JTA platform integration)
2025-04-15T18:02:10.150+03:00  INFO 17988 --- [RestApiPanda] [main] j.LocalContainerEntityManagerFactoryBean : Initialized JPA EntityManagerFactory for persistence unit 'default'
2025-04-15T18:02:10.374+03:00  INFO 17988 --- [RestApiPanda] [main] o.s.d.j.r.query.QueryEnhancerFactory     : Hibernate is in classpath; If applicable, HQL parser will be used.
2025-04-15T18:02:10.764+03:00  WARN 17988 --- [RestApiPanda] [main] JpaBaseConfiguration$JpaWebConfiguration : spring.jpa.open-in-view is enabled by default. Therefore, database queries may be performed during view rendering. Explicitly configure spring.jpa.open-in-view to disable this warning
2025-04-15T18:02:10.777+03:00  WARN 17988 --- [RestApiPanda] [main] r$InitializeUserDetailsManagerConfigurer : Global AuthenticationManager configured with an AuthenticationProvider bean. UserDetailsService beans will not be used by Spring Security for automatically configuring username/password login. Consider removing the AuthenticationProvider bean. Alternatively, consider using the UserDetailsService in a manually instantiated DaoAuthenticationProvider. If the current configuration is intentional, to turn off this warning, increase the logging level of 'org.springframework.security.config.annotation.authentication.configuration.InitializeUserDetailsBeanManagerConfigurer' to ERROR
2025-04-15T18:02:10.831+03:00  INFO 17988 --- [RestApiPanda] [main] o.s.b.a.w.s.WelcomePageHandlerMapping    : Adding welcome page template: index
2025-04-15T18:02:10.880+03:00 DEBUG 17988 --- [RestApiPanda] [main] s.w.s.m.m.a.RequestMappingHandlerMapping : 13 mappings in 'requestMappingHandlerMapping'
2025-04-15T18:02:10.940+03:00 DEBUG 17988 --- [RestApiPanda] [main] o.s.w.s.handler.SimpleUrlHandlerMapping  : Patterns [/webjars/**, /**] in 'resourceHandlerMapping'
2025-04-15T18:02:11.046+03:00 DEBUG 17988 --- [RestApiPanda] [main] s.w.s.m.m.a.RequestMappingHandlerAdapter : ControllerAdvice beans: 0 @ModelAttribute, 0 @InitBinder, 1 RequestBodyAdvice, 1 ResponseBodyAdvice
2025-04-15T18:02:11.109+03:00 DEBUG 17988 --- [RestApiPanda] [main] .m.m.a.ExceptionHandlerExceptionResolver : ControllerAdvice beans: 0 @ExceptionHandler, 1 ResponseBodyAdvice
2025-04-15T18:02:11.193+03:00  INFO 17988 --- [RestApiPanda] [main] o.s.b.w.embedded.tomcat.TomcatWebServer  : Tomcat started on port 8080 (http) with context path '/'
2025-04-15T18:02:11.200+03:00  INFO 17988 --- [RestApiPanda] [main] c.t.R.RestApiPandaApplication            : Started RestApiPandaApplication in 3.838 seconds (process running for 4.119)
